Arguments: 
  C:\Program Files\nodejs\node.exe C:\Users\Administrator\AppData\Roaming\npm\node_modules\yarn\bin\yarn.js add dotenv

PATH: 
  C:\Windows\system32;C:\Windows;C:\Windows\System32\Wbem;C:\Windows\System32\WindowsPowerShell\v1.0\;C:\Windows\System32\OpenSSH\;C:\Program Files\Git\cmd;D:\flutter_sdk\bin;%ANFROID_HOME%\cmdline-tools;D:\sdk\platform-tools;C:\Program Files\nodejs\;C:\Users\Administrator\.console-ninja\.bin;C:\Users\Administrator\AppData\Local\Microsoft\WindowsApps;;C:\Users\Administrator\AppData\Local\Programs\Microsoft VS Code\bin;C:\Users\Administrator\AppData\Roaming\npm

Yarn version: 
  1.22.19

Node version: 
  18.17.1

Platform: 
  win32 x64

Trace: 
  Error: EPERM: operation not permitted, unlink 'D:\NodeJs\grocery_api\node_modules\bcrypt\lib\binding\napi-v3\bcrypt_lib.node'

npm manifest: 
  {
    "name": "grocery_api",
    "version": "1.0.0",
    "description": "",
    "main": "index.js",
    "directories": {
      "test": "tests"
    },
    "scripts": {
      "start": "node src/app.js",
      "dev": "nodemon src/app.js"
    },
    "keywords": [],
    "author": "",
    "license": "ISC",
    "dependencies": {
      "axios": "^1.4.0",
      "bcrypt": "^5.1.0",
      "cookie-parser": "^1.4.6",
      "cors": "^2.8.5",
      "dotenv": "^16.3.1",
      "ejs": "^3.1.9",
      "express": "^4.18.2",
      "formidable": "^3.5.0",
      "joi": "^17.9.2",
      "jsonwebtoken": "^9.0.0",
      "morgan": "^1.10.0",
      "multer": "^1.4.5-lts.1",
      "mysql2": "^3.4.2",
      "nodemailer": "^6.9.3",
      "razorpay": "^2.9.1",
      "sequelize": "^6.32.1"
    }
  }

yarn manifest: 
  No manifest

Lockfile: 
  No lockfile
